#
# There is insufficient memory for the Java Runtime Environment to continue.
# Native memory allocation (malloc) failed to allocate 1175696 bytes for Chunk::new
# Possible reasons:
#   The system is out of physical RAM or swap space
#   In 32 bit mode, the process size limit was hit
# Possible solutions:
#   Reduce memory load on the system
#   Increase physical memory or swap space
#   Check if swap backing store is full
#   Use 64 bit Java on a 64 bit OS
#   Decrease Java heap size (-Xmx/-Xms)
#   Decrease number of Java threads
#   Decrease Java thread stack sizes (-Xss)
#   Set larger code cache with -XX:ReservedCodeCacheSize=
# This output file may be truncated or incomplete.
#
#  Out of Memory Error (allocation.cpp:390), pid=25752, tid=0x0000000000004aec
#
# JRE version: Java(TM) SE Runtime Environment (8.0_181-b13) (build 1.8.0_181-b13)
# Java VM: Java HotSpot(TM) 64-Bit Server VM (25.181-b13 mixed mode windows-amd64 compressed oops)
# Failed to write core dump. Minidumps are not enabled by default on client versions of Windows
#

---------------  T H R E A D  ---------------

Current thread (0x000000001bf77000):  JavaThread "C2 CompilerThread1" daemon [_thread_in_native, id=19180, stack(0x000000001d6e0000,0x000000001d7e0000)]

Stack: [0x000000001d6e0000,0x000000001d7e0000]
[error occurred during error reporting (printing stack bounds), id 0xc0000005]

Native frames: (J=compiled Java code, j=interpreted, Vv=VM code, C=native code)


Current CompileTask:
C2:  21144 4677   !   4       com.sun.org.apache.xerces.internal.impl.XMLDocumentFragmentScannerImpl$FragmentContentDriver::next (2346 bytes)


---------------  P R O C E S S  ---------------

Java Threads: ( => current thread )
  0x00000000234d4000 JavaThread "MuleServer.01" daemon [_thread_blocked, id=26628, stack(0x0000000029490000,0x0000000029590000)]
  0x00000000234d8800 JavaThread "Time-limited test" daemon [_thread_in_Java, id=23920, stack(0x0000000029390000,0x0000000029490000)]
  0x00000000234d1000 JavaThread "RMI TCP Connection(2)-192.168.236.129" daemon [_thread_in_native, id=18228, stack(0x0000000028590000,0x0000000028690000)]
  0x00000000234d3800 JavaThread "RMI RenewClean-[192.168.236.129:55744]" daemon [_thread_blocked, id=22416, stack(0x0000000028490000,0x0000000028590000)]
  0x0000000020c6b000 JavaThread "RMI Scheduler(0)" daemon [_thread_blocked, id=3488, stack(0x0000000028020000,0x0000000028120000)]
  0x0000000020c6b800 JavaThread "RMI TCP Connection(1)-127.0.0.1" daemon [_thread_in_native, id=20144, stack(0x0000000027d20000,0x0000000027e20000)]
  0x0000000020c6e800 JavaThread "GC Daemon" daemon [_thread_blocked, id=17812, stack(0x0000000027af0000,0x0000000027bf0000)]
  0x0000000020c6c800 JavaThread "RMI TCP Accept-0" daemon [_thread_in_native, id=22628, stack(0x00000000278f0000,0x00000000279f0000)]
  0x000000001ec92800 JavaThread "derby.rawStoreDaemon" daemon [_thread_blocked, id=27340, stack(0x00000000231e0000,0x00000000232e0000)]
  0x000000001ec97800 JavaThread "Timer-0" daemon [_thread_blocked, id=7784, stack(0x0000000022ee0000,0x0000000022fe0000)]
  0x000000001ec96000 JavaThread "Log4j2-TF-1-AsyncLoggerConfig-2" daemon [_thread_blocked, id=26680, stack(0x0000000020540000,0x0000000020640000)]
  0x000000001da7a800 JavaThread "surefire-forkedjvm-ping-30s" daemon [_thread_in_native, id=5096, stack(0x000000001dfe0000,0x000000001e0e0000)]
  0x000000001da1e800 JavaThread "surefire-forkedjvm-command-thread" daemon [_thread_in_native, id=26076, stack(0x000000001dee0000,0x000000001dfe0000)]
  0x000000001d91b800 JavaThread "Service Thread" daemon [_thread_blocked, id=7712, stack(0x000000001dce0000,0x000000001dde0000)]
  0x000000001bf7d000 JavaThread "C1 CompilerThread2" daemon [_thread_in_native, id=12160, stack(0x000000001d7e0000,0x000000001d8e0000)]
=>0x000000001bf77000 JavaThread "C2 CompilerThread1" daemon [_thread_in_native, id=19180, stack(0x000000001d6e0000,0x000000001d7e0000)]
  0x000000001bf71800 JavaThread "C2 CompilerThread0" daemon [_thread_in_native, id=27308, stack(0x000000001d5e0000,0x000000001d6e0000)]
  0x000000001bf70000 JavaThread "Attach Listener" daemon [_thread_blocked, id=11044, stack(0x000000001d4e0000,0x000000001d5e0000)]
  0x0000000002b5e800 JavaThread "Signal Dispatcher" daemon [_thread_blocked, id=25908, stack(0x000000001d3e0000,0x000000001d4e0000)]
  0x0000000002b55800 JavaThread "Finalizer" daemon [_thread_blocked, id=7748, stack(0x000000001d1d0000,0x000000001d2d0000)]
  0x0000000002b52000 JavaThread "Reference Handler" daemon [_thread_blocked, id=26532, stack(0x000000001d0d0000,0x000000001d1d0000)]
  0x0000000002a62800 JavaThread "main" [_thread_blocked, id=13204, stack(0x0000000002860000,0x0000000002960000)]

Other Threads:
  0x000000001bf37800 VMThread [stack: 0x000000001cfd0000,0x000000001d0d0000] [id=26828]
  0x000000001bfce000 WatcherThread [stack: 0x000000001dde0000,0x000000001dee0000] [id=23556]

VM state:not at safepoint (normal execution)

VM Mutex/Monitor currently owned by a thread: None

Heap:
 PSYoungGen      total 169472K, used 119567K [0x000000076c380000, 0x0000000777b80000, 0x00000007c0000000)
  eden space 150528K, 70% used [0x000000076c380000,0x0000000772beadd8,0x0000000775680000)
  from space 18944K, 68% used [0x0000000776900000,0x00000007775a4c70,0x0000000777b80000)
  to   space 18944K, 0% used [0x0000000775680000,0x0000000775680000,0x0000000776900000)
 ParOldGen       total 208384K, used 25140K [0x00000006c4a00000, 0x00000006d1580000, 0x000000076c380000)
  object space 208384K, 12% used [0x00000006c4a00000,0x00000006c628d180,0x00000006d1580000)
 Metaspace       used 50019K, capacity 50572K, committed 51072K, reserved 1093632K
  class space    used 6462K, capacity 6739K, committed 6784K, reserved 1048576K

Card table byte_map: [0x0000000011f20000,0x0000000012700000] byte_map_base: 0x000000000e8fb000

Marking Bits: (ParMarkBitMap*) 0x0000000053402d00
 Begin Bits: [0x0000000013040000, 0x0000000016f18000)
 End Bits:   [0x0000000016f18000, 0x000000001adf0000)

Polling page: 0x0000000002710000

CodeCache: size=245760Kb used=14507Kb max_used=14516Kb free=231252Kb
 bounds [0x0000000002b60000, 0x00000000039e0000, 0x0000000011b60000]
 total_blobs=4736 nmethods=4042 adapters=606
 compilation: enabled

Compilation events (10 events):
Event: 21.124 Thread 0x000000001bf71800 nmethod 4763 0x0000000002e07c90 code [0x0000000002e07e80, 0x0000000002e08d68]
Event: 21.125 Thread 0x000000001bf71800 4766       4       com.sun.org.apache.xerces.internal.util.SymbolTable::hash (21 bytes)
Event: 21.125 Thread 0x000000001bf7d000 nmethod 4798 0x0000000002f31e50 code [0x0000000002f32000, 0x0000000002f326a8]
Event: 21.129 Thread 0x000000001bf71800 nmethod 4766 0x000000000344bad0 code [0x000000000344bc20, 0x000000000344bdb8]
Event: 21.130 Thread 0x000000001bf7d000 4800       3       com.sun.org.apache.xerces.internal.impl.XMLNSDocumentScannerImpl::scanStartElement (1026 bytes)
Event: 21.130 Thread 0x000000001bf71800 4801       4       com.sun.org.apache.xerces.internal.utils.XMLSecurityManager::isNoLimit (10 bytes)
Event: 21.131 Thread 0x000000001bf71800 nmethod 4801 0x00000000035f9b50 code [0x00000000035f9c80, 0x00000000035f9cf8]
Event: 21.131 Thread 0x000000001bf71800 4802 %     4       com.sun.org.apache.xerces.internal.impl.XMLDocumentFragmentScannerImpl::scanDocument @ 13 (342 bytes)
Event: 21.138 Thread 0x000000001bf7d000 nmethod 4800 0x00000000036b8850 code [0x00000000036b8ea0, 0x00000000036bdc08]
Event: 21.138 Thread 0x000000001bf7d000 4805       3       java.io.FilePermission::getMask (948 bytes)

GC Heap History (10 events):
Event: 11.843 GC heap before
{Heap before GC invocations=6 (full 1):
 PSYoungGen      total 95232K, used 94839K [0x000000076c380000, 0x0000000775300000, 0x00000007c0000000)
  eden space 88064K, 100% used [0x000000076c380000,0x0000000771980000,0x0000000771980000)
  from space 7168K, 94% used [0x0000000774c00000,0x000000077529dca0,0x0000000775300000)
  to   space 10752K, 0% used [0x0000000773e00000,0x0000000773e00000,0x0000000774880000)
 ParOldGen       total 126976K, used 15661K [0x00000006c4a00000, 0x00000006cc600000, 0x000000076c380000)
  object space 126976K, 12% used [0x00000006c4a00000,0x00000006c594b4f8,0x00000006cc600000)
 Metaspace       used 27912K, capacity 28164K, committed 28416K, reserved 1073152K
  class space    used 3670K, capacity 3721K, committed 3840K, reserved 1048576K
Event: 11.857 GC heap after
Heap after GC invocations=6 (full 1):
 PSYoungGen      total 128512K, used 6996K [0x000000076c380000, 0x0000000775b80000, 0x00000007c0000000)
  eden space 117760K, 0% used [0x000000076c380000,0x000000076c380000,0x0000000773680000)
  from space 10752K, 65% used [0x0000000773e00000,0x00000007744d53b0,0x0000000774880000)
  to   space 18944K, 0% used [0x0000000774900000,0x0000000774900000,0x0000000775b80000)
 ParOldGen       total 126976K, used 15669K [0x00000006c4a00000, 0x00000006cc600000, 0x000000076c380000)
  object space 126976K, 12% used [0x00000006c4a00000,0x00000006c594d4f8,0x00000006cc600000)
 Metaspace       used 27912K, capacity 28164K, committed 28416K, reserved 1073152K
  class space    used 3670K, capacity 3721K, committed 3840K, reserved 1048576K
}
Event: 13.562 GC heap before
{Heap before GC invocations=7 (full 1):
 PSYoungGen      total 128512K, used 97566K [0x000000076c380000, 0x0000000775b80000, 0x00000007c0000000)
  eden space 117760K, 76% used [0x000000076c380000,0x0000000771bf2508,0x0000000773680000)
  from space 10752K, 65% used [0x0000000773e00000,0x00000007744d53b0,0x0000000774880000)
  to   space 18944K, 0% used [0x0000000774900000,0x0000000774900000,0x0000000775b80000)
 ParOldGen       total 126976K, used 15669K [0x00000006c4a00000, 0x00000006cc600000, 0x000000076c380000)
  object space 126976K, 12% used [0x00000006c4a00000,0x00000006c594d4f8,0x00000006cc600000)
 Metaspace       used 34923K, capacity 35188K, committed 35496K, reserved 1081344K
  class space    used 4511K, capacity 4597K, committed 4608K, reserved 1048576K
Event: 13.581 GC heap after
Heap after GC invocations=7 (full 1):
 PSYoungGen      total 136192K, used 13922K [0x000000076c380000, 0x0000000778380000, 0x00000007c0000000)
  eden space 117248K, 0% used [0x000000076c380000,0x000000076c380000,0x0000000773600000)
  from space 18944K, 73% used [0x0000000774900000,0x0000000775698ae0,0x0000000775b80000)
  to   space 19456K, 0% used [0x0000000773600000,0x0000000773600000,0x0000000774900000)
 ParOldGen       total 126976K, used 15677K [0x00000006c4a00000, 0x00000006cc600000, 0x000000076c380000)
  object space 126976K, 12% used [0x00000006c4a00000,0x00000006c594f4f8,0x00000006cc600000)
 Metaspace       used 34923K, capacity 35188K, committed 35496K, reserved 1081344K
  class space    used 4511K, capacity 4597K, committed 4608K, reserved 1048576K
}
Event: 13.581 GC heap before
{Heap before GC invocations=8 (full 2):
 PSYoungGen      total 136192K, used 13922K [0x000000076c380000, 0x0000000778380000, 0x00000007c0000000)
  eden space 117248K, 0% used [0x000000076c380000,0x000000076c380000,0x0000000773600000)
  from space 18944K, 73% used [0x0000000774900000,0x0000000775698ae0,0x0000000775b80000)
  to   space 19456K, 0% used [0x0000000773600000,0x0000000773600000,0x0000000774900000)
 ParOldGen       total 126976K, used 15677K [0x00000006c4a00000, 0x00000006cc600000, 0x000000076c380000)
  object space 126976K, 12% used [0x00000006c4a00000,0x00000006c594f4f8,0x00000006cc600000)
 Metaspace       used 34923K, capacity 35188K, committed 35496K, reserved 1081344K
  class space    used 4511K, capacity 4597K, committed 4608K, reserved 1048576K
Event: 13.739 GC heap after
Heap after GC invocations=8 (full 2):
 PSYoungGen      total 136192K, used 0K [0x000000076c380000, 0x0000000778380000, 0x00000007c0000000)
  eden space 117248K, 0% used [0x000000076c380000,0x000000076c380000,0x0000000773600000)
  from space 18944K, 0% used [0x0000000774900000,0x0000000774900000,0x0000000775b80000)
  to   space 19456K, 0% used [0x0000000773600000,0x0000000773600000,0x0000000774900000)
 ParOldGen       total 208384K, used 25132K [0x00000006c4a00000, 0x00000006d1580000, 0x000000076c380000)
  object space 208384K, 12% used [0x00000006c4a00000,0x00000006c628b180,0x00000006d1580000)
 Metaspace       used 34908K, capacity 35142K, committed 35496K, reserved 1081344K
  class space    used 4507K, capacity 4563K, committed 4608K, reserved 1048576K
}
Event: 16.007 GC heap before
{Heap before GC invocations=9 (full 2):
 PSYoungGen      total 136192K, used 117248K [0x000000076c380000, 0x0000000778380000, 0x00000007c0000000)
  eden space 117248K, 100% used [0x000000076c380000,0x0000000773600000,0x0000000773600000)
  from space 18944K, 0% used [0x0000000774900000,0x0000000774900000,0x0000000775b80000)
  to   space 19456K, 0% used [0x0000000773600000,0x0000000773600000,0x0000000774900000)
 ParOldGen       total 208384K, used 25132K [0x00000006c4a00000, 0x00000006d1580000, 0x000000076c380000)
  object space 208384K, 12% used [0x00000006c4a00000,0x00000006c628b180,0x00000006d1580000)
 Metaspace       used 40006K, capacity 40442K, committed 40832K, reserved 1085440K
  class space    used 5161K, capacity 5387K, committed 5504K, reserved 1048576K
Event: 16.020 GC heap after
Heap after GC invocations=9 (full 2):
 PSYoungGen      total 136704K, used 6972K [0x000000076c380000, 0x0000000777b80000, 0x00000007c0000000)
  eden space 117248K, 0% used [0x000000076c380000,0x000000076c380000,0x0000000773600000)
  from space 19456K, 35% used [0x0000000773600000,0x0000000773ccf038,0x0000000774900000)
  to   space 18944K, 0% used [0x0000000776900000,0x0000000776900000,0x0000000777b80000)
 ParOldGen       total 208384K, used 25132K [0x00000006c4a00000, 0x00000006d1580000, 0x000000076c380000)
  object space 208384K, 12% used [0x00000006c4a00000,0x00000006c628b180,0x00000006d1580000)
 Metaspace       used 40006K, capacity 40442K, committed 40832K, reserved 1085440K
  class space    used 5161K, capacity 5387K, committed 5504K, reserved 1048576K
}
Event: 18.386 GC heap before
{Heap before GC invocations=10 (full 2):
 PSYoungGen      total 136704K, used 121774K [0x000000076c380000, 0x0000000777b80000, 0x00000007c0000000)
  eden space 117248K, 97% used [0x000000076c380000,0x000000077339ca50,0x0000000773600000)
  from space 19456K, 35% used [0x0000000773600000,0x0000000773ccf038,0x0000000774900000)
  to   space 18944K, 0% used [0x0000000776900000,0x0000000776900000,0x0000000777b80000)
 ParOldGen       total 208384K, used 25132K [0x00000006c4a00000, 0x00000006d1580000, 0x000000076c380000)
  object space 208384K, 12% used [0x00000006c4a00000,0x00000006c628b180,0x00000006d1580000)
 Metaspace       used 46791K, capacity 47304K, committed 47872K, reserved 1091584K
  class space    used 6052K, capacity 6317K, committed 6400K, reserved 1048576K
Event: 18.408 GC heap after
Heap after GC invocations=10 (full 2):
 PSYoungGen      total 169472K, used 12947K [0x000000076c380000, 0x0000000777b80000, 0x00000007c0000000)
  eden space 150528K, 0% used [0x000000076c380000,0x000000076c380000,0x0000000775680000)
  from space 18944K, 68% used [0x0000000776900000,0x00000007775a4c70,0x0000000777b80000)
  to   space 18944K, 0% used [0x0000000775680000,0x0000000775680000,0x0000000776900000)
 ParOldGen       total 208384K, used 25140K [0x00000006c4a00000, 0x00000006d1580000, 0x000000076c380000)
  object space 208384K, 12% used [0x00000006c4a00000,0x00000006c628d180,0x00000006d1580000)
 Metaspace       used 46791K, capacity 47304K, committed 47872K, reserved 1091584K
  class space    used 6052K, capacity 6317K, committed 6400K, reserved 1048576K
}

Deoptimization events (10 events):
Event: 17.992 Thread 0x000000001ec97000 Uncommon trap: reason=class_check action=maybe_recompile pc=0x0000000002e1d630 method=java.lang.reflect.Executable.getAnnotation(Ljava/lang/Class;)Ljava/lang/annotation/Annotation; @ 19
Event: 18.105 Thread 0x000000001ec97000 Uncommon trap: reason=range_check action=make_not_entrant pc=0x000000000317d468 method=java.lang.String.charAt(I)C @ 27
Event: 18.122 Thread 0x0000000020c63800 Uncommon trap: reason=predicate action=maybe_recompile pc=0x0000000002ef99f8 method=sun.net.www.ParseUtil.encodePath(Ljava/lang/String;Z)Ljava/lang/String; @ 36
Event: 18.805 Thread 0x000000001ec97000 Uncommon trap: reason=unstable_if action=reinterpret pc=0x000000000349fa54 method=java.util.jar.Attributes.read(Ljava/util/jar/Manifest$FastInputStream;[B)V @ 17
Event: 19.006 Thread 0x000000001ec97000 Uncommon trap: reason=unstable_if action=reinterpret pc=0x000000000392b834 method=java.lang.Integer.parseInt(Ljava/lang/String;I)I @ 1
Event: 20.280 Thread 0x000000001ec97000 Uncommon trap: reason=bimorphic action=maybe_recompile pc=0x000000000386bb00 method=java.util.HashMap.putVal(ILjava/lang/Object;Ljava/lang/Object;ZZ)Ljava/lang/Object; @ 253
Event: 20.280 Thread 0x000000001ec97000 Uncommon trap: reason=bimorphic action=maybe_recompile pc=0x000000000386bb00 method=java.util.HashMap.putVal(ILjava/lang/Object;Ljava/lang/Object;ZZ)Ljava/lang/Object; @ 253
Event: 20.288 Thread 0x000000001ec97000 Uncommon trap: reason=bimorphic action=maybe_recompile pc=0x000000000386bb00 method=java.util.HashMap.putVal(ILjava/lang/Object;Ljava/lang/Object;ZZ)Ljava/lang/Object; @ 253
Event: 20.288 Thread 0x000000001ec97000 Uncommon trap: reason=bimorphic action=maybe_recompile pc=0x000000000386bb00 method=java.util.HashMap.putVal(ILjava/lang/Object;Ljava/lang/Object;ZZ)Ljava/lang/Object; @ 253
Event: 21.125 Thread 0x00000000234d8800 Uncommon trap: reason=unstable_if action=reinterpret pc=0x0000000003381d38 method=com.sun.org.apache.xerces.internal.util.XMLAttributesImpl.checkDuplicatesNS()Lcom/sun/org/apache/xerces/internal/xni/QName; @ 63

Classes redefined (0 events):
No events

Internal exceptions (10 events):
Event: 20.446 Thread 0x000000001ec97000 Exception <a 'java/lang/ClassNotFoundException': org/mule/config/parsers/InboundAttachmentsAnnotationParserBeanInfo> (0x00000007703a0380) thrown at [C:\re\workspace\8-2-build-windows-amd64-cygwin\jdk8u181\11358\hotspot\src\share\vm\classfile\systemDiction
Event: 20.447 Thread 0x000000001ec97000 Exception <a 'java/lang/ClassNotFoundException': org/mule/config/parsers/InboundAttachmentsAnnotationParserCustomizer> (0x00000007703d5438) thrown at [C:\re\workspace\8-2-build-windows-amd64-cygwin\jdk8u181\11358\hotspot\src\share\vm\classfile\systemDicti
Event: 20.449 Thread 0x000000001ec97000 Exception <a 'java/lang/ClassNotFoundException': org/mule/config/parsers/OutboundAttachmentsAnnotationParserBeanInfo> (0x0000000770412218) thrown at [C:\re\workspace\8-2-build-windows-amd64-cygwin\jdk8u181\11358\hotspot\src\share\vm\classfile\systemDictio
Event: 20.450 Thread 0x000000001ec97000 Exception <a 'java/lang/ClassNotFoundException': org/mule/config/parsers/OutboundAttachmentsAnnotationParserCustomizer> (0x0000000770447f40) thrown at [C:\re\workspace\8-2-build-windows-amd64-cygwin\jdk8u181\11358\hotspot\src\share\vm\classfile\systemDict
Event: 20.452 Thread 0x000000001ec97000 Exception <a 'java/lang/ClassNotFoundException': org/mule/config/transformer/AnnotatedTransformerObjectProcessorBeanInfo> (0x0000000770486aa0) thrown at [C:\re\workspace\8-2-build-windows-amd64-cygwin\jdk8u181\11358\hotspot\src\share\vm\classfile\systemDi
Event: 20.453 Thread 0x000000001ec97000 Exception <a 'java/lang/ClassNotFoundException': org/mule/config/transformer/AnnotatedTransformerObjectProcessorCustomizer> (0x00000007704be140) thrown at [C:\re\workspace\8-2-build-windows-amd64-cygwin\jdk8u181\11358\hotspot\src\share\vm\classfile\system
Event: 20.455 Thread 0x000000001ec97000 Exception <a 'java/lang/ClassNotFoundException': org/mule/config/processors/LookupInjectionProcessorBeanInfo> (0x00000007704f6cf8) thrown at [C:\re\workspace\8-2-build-windows-amd64-cygwin\jdk8u181\11358\hotspot\src\share\vm\classfile\systemDictionary.cpp
Event: 20.456 Thread 0x000000001ec97000 Exception <a 'java/lang/ClassNotFoundException': org/mule/config/processors/LookupInjectionProcessorCustomizer> (0x0000000770528008) thrown at [C:\re\workspace\8-2-build-windows-amd64-cygwin\jdk8u181\11358\hotspot\src\share\vm\classfile\systemDictionary.c
Event: 20.458 Thread 0x000000001ec97000 Exception <a 'java/lang/ClassNotFoundException': org/mule/module/json/config/JsonPathAnnotationParserBeanInfo> (0x0000000770560a40) thrown at [C:\re\workspace\8-2-build-windows-amd64-cygwin\jdk8u181\11358\hotspot\src\share\vm\classfile\systemDictionary.cp
Event: 20.459 Thread 0x000000001ec97000 Exception <a 'java/lang/ClassNotFoundException': org/mule/module/json/config/JsonPathAnnotationParserCustomizer> (0x0000000770591d88) thrown at [C:\re\workspace\8-2-build-windows-amd64-cygwin\jdk8u181\11358\hotspot\src\share\vm\classfile\systemDictionary.

Events (10 events):
Event: 21.128 Executing VM operation: RevokeBias done
Event: 21.128 Executing VM operation: RevokeBias
Event: 21.128 Executing VM operation: RevokeBias done
Event: 21.134 Executing VM operation: RevokeBias
Event: 21.134 Executing VM operation: RevokeBias done
Event: 21.134 Executing VM operation: RevokeBias
Event: 21.134 Executing VM operation: RevokeBias done
Event: 21.134 Executing VM operation: RevokeBias
Event: 21.134 Executing VM operation: RevokeBias done
Event: 21.141 Executing VM operation: RevokeBias


Dynamic libraries:
0x00007ff66fef0000 - 0x00007ff66ff27000 	C:\Program Files\Java\jdk1.8.0_181\jre\bin\java.exe
0x00007ff849340000 - 0x00007ff849521000 	C:\WINDOWS\SYSTEM32\ntdll.dll
0x00007ff846bd0000 - 0x00007ff846c82000 	C:\WINDOWS\System32\KERNEL32.DLL
0x00007ff846360000 - 0x00007ff8465d3000 	C:\WINDOWS\System32\KERNELBASE.dll
0x00007ff847660000 - 0x00007ff847701000 	C:\WINDOWS\System32\ADVAPI32.dll
0x00007ff846870000 - 0x00007ff84690e000 	C:\WINDOWS\System32\msvcrt.dll
0x00007ff8473a0000 - 0x00007ff8473fb000 	C:\WINDOWS\System32\sechost.dll
0x00007ff848c90000 - 0x00007ff848db4000 	C:\WINDOWS\System32\RPCRT4.dll
0x00007ff847210000 - 0x00007ff8473a0000 	C:\WINDOWS\System32\USER32.dll
0x00007ff8460b0000 - 0x00007ff8460d0000 	C:\WINDOWS\System32\win32u.dll
0x00007ff847630000 - 0x00007ff847658000 	C:\WINDOWS\System32\GDI32.dll
0x00007ff8461c0000 - 0x00007ff846352000 	C:\WINDOWS\System32\gdi32full.dll
0x00007ff8460d0000 - 0x00007ff84616f000 	C:\WINDOWS\System32\msvcp_win.dll
0x00007ff845820000 - 0x00007ff84591a000 	C:\WINDOWS\System32\ucrtbase.dll
0x00007ff835530000 - 0x00007ff835799000 	C:\WINDOWS\WinSxS\amd64_microsoft.windows.common-controls_6595b64144ccf1df_6.0.17134.590_none_fb3d9bff3069e088\COMCTL32.dll
0x00007ff846ee0000 - 0x00007ff847202000 	C:\WINDOWS\System32\combase.dll
0x00007ff846030000 - 0x00007ff8460aa000 	C:\WINDOWS\System32\bcryptPrimitives.dll
0x00007ff848b70000 - 0x00007ff848b9d000 	C:\WINDOWS\System32\IMM32.DLL
0x0000000053490000 - 0x0000000053562000 	C:\Program Files\Java\jdk1.8.0_181\jre\bin\msvcr100.dll
0x0000000052be0000 - 0x0000000053482000 	C:\Program Files\Java\jdk1.8.0_181\jre\bin\server\jvm.dll
0x00007ff847710000 - 0x00007ff847718000 	C:\WINDOWS\System32\PSAPI.DLL
0x00007ff832610000 - 0x00007ff832619000 	C:\WINDOWS\SYSTEM32\WSOCK32.dll
0x00007ff8475c0000 - 0x00007ff84762c000 	C:\WINDOWS\System32\WS2_32.dll
0x00007ff841750000 - 0x00007ff841773000 	C:\WINDOWS\SYSTEM32\WINMM.dll
0x00007ff839cf0000 - 0x00007ff839cfa000 	C:\WINDOWS\SYSTEM32\VERSION.dll
0x00007ff841720000 - 0x00007ff84174a000 	C:\WINDOWS\SYSTEM32\WINMMBASE.dll
0x00007ff846170000 - 0x00007ff8461b9000 	C:\WINDOWS\System32\cfgmgr32.dll
0x0000000052bd0000 - 0x0000000052bdf000 	C:\Program Files\Java\jdk1.8.0_181\jre\bin\verify.dll
0x0000000052ba0000 - 0x0000000052bc9000 	C:\Program Files\Java\jdk1.8.0_181\jre\bin\java.dll
0x0000000052b80000 - 0x0000000052b96000 	C:\Program Files\Java\jdk1.8.0_181\jre\bin\zip.dll
0x00007ff847720000 - 0x00007ff848b60000 	C:\WINDOWS\System32\SHELL32.dll
0x00007ff846910000 - 0x00007ff8469b9000 	C:\WINDOWS\System32\shcore.dll
0x00007ff845920000 - 0x00007ff84602d000 	C:\WINDOWS\System32\windows.storage.dll
0x00007ff847560000 - 0x00007ff8475b1000 	C:\WINDOWS\System32\shlwapi.dll
0x00007ff845660000 - 0x00007ff845671000 	C:\WINDOWS\System32\kernel.appcore.dll
0x00007ff845680000 - 0x00007ff84569f000 	C:\WINDOWS\System32\profapi.dll
0x00007ff8456c0000 - 0x00007ff84570c000 	C:\WINDOWS\System32\powrprof.dll
0x00007ff845650000 - 0x00007ff84565a000 	C:\WINDOWS\System32\FLTLIB.DLL
0x0000000052b00000 - 0x0000000052b0d000 	C:\Program Files\Java\jdk1.8.0_181\jre\bin\management.dll
0x00007ff845380000 - 0x00007ff845397000 	C:\WINDOWS\SYSTEM32\CRYPTSP.dll
0x00007ff844a70000 - 0x00007ff844aa3000 	C:\WINDOWS\system32\rsaenh.dll
0x00007ff8453c0000 - 0x00007ff8453e5000 	C:\WINDOWS\SYSTEM32\bcrypt.dll
0x00007ff845580000 - 0x00007ff8455a8000 	C:\WINDOWS\SYSTEM32\USERENV.dll
0x00007ff844fe0000 - 0x00007ff844feb000 	C:\WINDOWS\SYSTEM32\CRYPTBASE.dll
0x0000000052b60000 - 0x0000000052b7a000 	C:\Program Files\Java\jdk1.8.0_181\jre\bin\net.dll
0x00007ff844e80000 - 0x00007ff844ee6000 	C:\WINDOWS\system32\mswsock.dll
0x00007ff844c10000 - 0x00007ff844c48000 	C:\WINDOWS\SYSTEM32\IPHLPAPI.DLL
0x00007ff848b60000 - 0x00007ff848b68000 	C:\WINDOWS\System32\NSI.dll
0x00007ff83dec0000 - 0x00007ff83ded6000 	C:\WINDOWS\SYSTEM32\dhcpcsvc6.DLL
0x00007ff83b0f0000 - 0x00007ff83b10a000 	C:\WINDOWS\SYSTEM32\dhcpcsvc.DLL
0x0000000052b40000 - 0x0000000052b51000 	C:\Program Files\Java\jdk1.8.0_181\jre\bin\nio.dll
0x00007ff83de60000 - 0x00007ff83de6a000 	C:\Users\lmodesto\AppData\Local\Temp\jansi-64-3774866805829785528.dll
0x00007ff831c20000 - 0x00007ff831c36000 	C:\WINDOWS\system32\napinsp.dll
0x00007ff831c00000 - 0x00007ff831c1a000 	C:\WINDOWS\system32\pnrpnsp.dll
0x00007ff8422c0000 - 0x00007ff8422d9000 	C:\WINDOWS\system32\NLAapi.dll
0x00007ff844c50000 - 0x00007ff844d0e000 	C:\WINDOWS\SYSTEM32\DNSAPI.dll
0x00007ff831bf0000 - 0x00007ff831bfe000 	C:\WINDOWS\System32\winrnr.dll
0x00007ff83dee0000 - 0x00007ff83def5000 	C:\WINDOWS\System32\wshbth.dll
0x00007ff8352f0000 - 0x00007ff8352fa000 	C:\Windows\System32\rasadhlp.dll
0x00007ff836740000 - 0x00007ff8367b2000 	C:\WINDOWS\System32\fwpuclnt.dll
0x0000000052b10000 - 0x0000000052b34000 	C:\Program Files\Java\jdk1.8.0_181\jre\bin\sunec.dll
0x0000000052af0000 - 0x0000000052afb000 	C:\Program Files\Java\jdk1.8.0_181\jre\bin\sunmscapi.dll
0x00007ff8465e0000 - 0x00007ff8467c2000 	C:\WINDOWS\System32\CRYPT32.dll
0x00007ff8456a0000 - 0x00007ff8456b2000 	C:\WINDOWS\System32\MSASN1.dll

VM Arguments:
java_command: C:\Users\lmodesto\AppData\Local\Temp\surefire3519177211646457825\surefirebooter7782881357726934505.jar C:\Users\lmodesto\AppData\Local\Temp\surefire3519177211646457825 2019-02-26T16-40-30_155-jvmRun1 surefire5682965290072843867tmp surefire_01267278580466143112tmp
java_class_path (initial): C:\Users\lmodesto\AppData\Local\Temp\surefire3519177211646457825\surefirebooter7782881357726934505.jar
Launcher Type: SUN_STANDARD

Environment Variables:
JAVA_HOME=C:\Program Files\Java\jdk1.8.0_181\jre
CLASSPATH=C:\Program Files (x86)\Java\jdk1.8.0_181\bin
PATH=C:/Program Files/Java/jre1.8.0_181/bin/server;C:/Program Files/Java/jre1.8.0_181/bin;C:/Program Files/Java/jre1.8.0_181/lib/amd64;C:\Python\Python37-32\Scripts\;C:\Python\Python37-32\;C:\Program Files\Microsoft MPI\Bin\;C:\Program Files (x86)\Common Files\Oracle\Java\javapath;C:\WINDOWS\system32;C:\WINDOWS;C:\WINDOWS\System32\Wbem;C:\WINDOWS\System32\WindowsPowerShell\v1.0\;C:\apache-maven-3.5.4\bin;C:\Program Files\TortoiseSVN\bin;C:\Program Files\dotnet\;C:\Program Files\Microsoft SQL Server\130\Tools\Binn\;C:\xampp\php;C:\ProgramData\ComposerSetup\bin;C:\Program Files\Git\cmd;C:\Program Files\nodejs\;C:\Program Files\PuTTY\;C:\WINDOWS\System32\OpenSSH\;C:\apache-maven-3.5.4\bin;C:\apache-maven-3.5.4\bin;C:\Program Files (x86)\Java\jdk1.8.0_181\bin;C:\Users\lmodesto\AppData\Local\Microsoft\WindowsApps;C:\apache-maven-3.5.0\\bin;C:\Users\lmodesto\AppData\Local\GitHubDesktop\bin;C:\Users\lmodesto\AppData\Roaming\Composer\vendor\bin;C:\Program Files\heroku\bin;C:\Users\lmodesto\AppData\Local\Programs\Microsoft VS Code\bin;C:\Users\lmodesto\AppData\Roaming\npm;C:\Users\lmodesto\AppData\Local\Microsoft\WindowsApps;C:\Program Files (x86)\Java\jdk1.8.0_181\bin;C:\apache-maven-3.5.4\bin;;C:\Projetos\AnypointStudio;
USERNAME=lmodesto
OS=Windows_NT
PROCESSOR_IDENTIFIER=Intel64 Family 6 Model 78 Stepping 3, GenuineIntel



---------------  S Y S T E M  ---------------

OS: Windows 10.0 , 64 bit Build 17134 (10.0.17134.556)

CPU:total 4 (initial active 4) (2 cores per cpu, 2 threads per core) family 6 model 78 stepping 3, cmov, cx8, fxsr, mmx, sse, sse2, sse3, ssse3, sse4.1, sse4.2, popcnt, avx, avx2, aes, clmul, erms, 3dnowpref, lzcnt, ht, tsc, tscinvbit, bmi1, bmi2, adx

Memory: 4k page, physical 16469340k(2069104k free), swap 16469340k(5484k free)

vm_info: Java HotSpot(TM) 64-Bit Server VM (25.181-b13) for windows-amd64 JRE (1.8.0_181-b13), built on Jul  7 2018 04:01:33 by "java_re" with MS VC++ 10.0 (VS2010)

time: Tue Feb 26 16:40:56 2019
elapsed time: 21 seconds (0d 0h 0m 21s)

